000 (356295.000.000) 05/06 03:30:06 Job submitted from host: <192.168.100.50:9618?addrs=192.168.100.50-9618&noUDP&sock=1998602_505b_3>
...
001 (356295.000.000) 05/06 03:30:10 Job executing on host: <192.168.100.52:9618?addrs=192.168.100.52-9618&noUDP&sock=1070130_bfb6_4>
...
006 (356295.000.000) 05/06 03:30:18 Image size of job updated: 313020
	306  -  MemoryUsage of job (MB)
	313020  -  ResidentSetSize of job (KB)
...
006 (356295.000.000) 05/06 03:35:18 Image size of job updated: 3101060
	3029  -  MemoryUsage of job (MB)
	3101056  -  ResidentSetSize of job (KB)
...
006 (356295.000.000) 05/06 03:40:18 Image size of job updated: 4087152
	3992  -  MemoryUsage of job (MB)
	4087148  -  ResidentSetSize of job (KB)
...
006 (356295.000.000) 05/06 03:45:19 Image size of job updated: 4146772
	4050  -  MemoryUsage of job (MB)
	4146768  -  ResidentSetSize of job (KB)
...
006 (356295.000.000) 05/06 03:50:20 Image size of job updated: 4178676
	4081  -  MemoryUsage of job (MB)
	4178672  -  ResidentSetSize of job (KB)
...
006 (356295.000.000) 05/06 03:55:20 Image size of job updated: 4183488
	4086  -  MemoryUsage of job (MB)
	4183484  -  ResidentSetSize of job (KB)
...
006 (356295.000.000) 05/06 05:00:26 Image size of job updated: 5171236
	5051  -  MemoryUsage of job (MB)
	5171232  -  ResidentSetSize of job (KB)
...
006 (356295.000.000) 05/06 05:05:26 Image size of job updated: 5179692
	5059  -  MemoryUsage of job (MB)
	5179688  -  ResidentSetSize of job (KB)
...
006 (356295.000.000) 05/06 05:15:28 Image size of job updated: 5192896
	5072  -  MemoryUsage of job (MB)
	5192892  -  ResidentSetSize of job (KB)
...
005 (356295.000.000) 05/06 05:46:49 Job terminated.
	(1) Normal termination (return value 0)
		Usr 0 02:14:55, Sys 0 00:00:43  -  Run Remote Usage
		Usr 0 00:00:00, Sys 0 00:00:00  -  Run Local Usage
		Usr 0 02:14:55, Sys 0 00:00:43  -  Total Remote Usage
		Usr 0 00:00:00, Sys 0 00:00:00  -  Total Local Usage
	0  -  Run Bytes Sent By Job
	0  -  Run Bytes Received By Job
	0  -  Total Bytes Sent By Job
	0  -  Total Bytes Received By Job
	Partitionable Resources :    Usage  Request Allocated
	   Cpus                 :                 1         1
	   Disk (KB)            :        1        1    465402
	   Memory (MB)          :     5072        1         1
...
