000 (356940.000.000) 05/13 05:26:49 Job submitted from host: <192.168.100.50:9618?addrs=192.168.100.50-9618&noUDP&sock=1998602_505b_3>
...
001 (356940.000.000) 05/13 05:27:07 Job executing on host: <192.168.100.52:9618?addrs=192.168.100.52-9618&noUDP&sock=1070130_bfb6_4>
...
006 (356940.000.000) 05/13 05:27:16 Image size of job updated: 10064
	8  -  MemoryUsage of job (MB)
	7356  -  ResidentSetSize of job (KB)
...
006 (356940.000.000) 05/13 05:27:19 Image size of job updated: 105676
	8  -  MemoryUsage of job (MB)
	7356  -  ResidentSetSize of job (KB)
...
005 (356940.000.000) 05/13 05:27:19 Job terminated.
	(1) Normal termination (return value 1)
		Usr 0 00:00:03, Sys 0 00:00:00  -  Run Remote Usage
		Usr 0 00:00:00, Sys 0 00:00:00  -  Run Local Usage
		Usr 0 00:00:03, Sys 0 00:00:00  -  Total Remote Usage
		Usr 0 00:00:00, Sys 0 00:00:00  -  Total Local Usage
	0  -  Run Bytes Sent By Job
	0  -  Run Bytes Received By Job
	0  -  Total Bytes Sent By Job
	0  -  Total Bytes Received By Job
	Partitionable Resources :    Usage  Request Allocated
	   Cpus                 :                 1         1
	   Disk (KB)            :        1        1    465402
	   Memory (MB)          :        8        1         1
...
000 (356941.000.000) 05/13 05:42:16 Job submitted from host: <192.168.100.50:9618?addrs=192.168.100.50-9618&noUDP&sock=1998602_505b_3>
...
001 (356941.000.000) 05/13 05:42:28 Job executing on host: <192.168.100.52:9618?addrs=192.168.100.52-9618&noUDP&sock=1070130_bfb6_4>
...
006 (356941.000.000) 05/13 05:42:35 Image size of job updated: 137368
	0  -  MemoryUsage of job (MB)
	0  -  ResidentSetSize of job (KB)
...
005 (356941.000.000) 05/13 05:42:35 Job terminated.
	(1) Normal termination (return value 1)
		Usr 0 00:00:02, Sys 0 00:00:00  -  Run Remote Usage
		Usr 0 00:00:00, Sys 0 00:00:00  -  Run Local Usage
		Usr 0 00:00:02, Sys 0 00:00:00  -  Total Remote Usage
		Usr 0 00:00:00, Sys 0 00:00:00  -  Total Local Usage
	0  -  Run Bytes Sent By Job
	0  -  Run Bytes Received By Job
	0  -  Total Bytes Sent By Job
	0  -  Total Bytes Received By Job
	Partitionable Resources :    Usage  Request Allocated
	   Cpus                 :                 1         1
	   Disk (KB)            :        1        1    465402
	   Memory (MB)          :        0        1         1
...
000 (356942.000.000) 05/13 05:53:02 Job submitted from host: <192.168.100.50:9618?addrs=192.168.100.50-9618&noUDP&sock=1998602_505b_3>
...
001 (356942.000.000) 05/13 05:53:18 Job executing on host: <192.168.100.52:9618?addrs=192.168.100.52-9618&noUDP&sock=1070130_bfb6_4>
...
006 (356942.000.000) 05/13 05:53:26 Image size of job updated: 154980
	96  -  MemoryUsage of job (MB)
	97872  -  ResidentSetSize of job (KB)
...
006 (356942.000.000) 05/13 05:58:26 Image size of job updated: 199840
	140  -  MemoryUsage of job (MB)
	142536  -  ResidentSetSize of job (KB)
...
006 (356942.000.000) 05/13 06:03:26 Image size of job updated: 262468
	201  -  MemoryUsage of job (MB)
	205036  -  ResidentSetSize of job (KB)
...
006 (356942.000.000) 05/13 06:07:08 Image size of job updated: 264888
	201  -  MemoryUsage of job (MB)
	205036  -  ResidentSetSize of job (KB)
...
005 (356942.000.000) 05/13 06:07:08 Job terminated.
	(1) Normal termination (return value 139)
		Usr 0 00:13:28, Sys 0 00:00:03  -  Run Remote Usage
		Usr 0 00:00:00, Sys 0 00:00:00  -  Run Local Usage
		Usr 0 00:13:28, Sys 0 00:00:03  -  Total Remote Usage
		Usr 0 00:00:00, Sys 0 00:00:00  -  Total Local Usage
	0  -  Run Bytes Sent By Job
	0  -  Run Bytes Received By Job
	0  -  Total Bytes Sent By Job
	0  -  Total Bytes Received By Job
	Partitionable Resources :    Usage  Request Allocated
	   Cpus                 :                 1         1
	   Disk (KB)            :        1        1    465402
	   Memory (MB)          :      201        1         1
...
