000 (358704.000.000) 06/04 06:21:50 Job submitted from host: <192.168.100.50:9618?addrs=192.168.100.50-9618&noUDP&sock=1998602_505b_3>
...
001 (358704.000.000) 06/04 06:22:04 Job executing on host: <192.168.100.52:9618?addrs=192.168.100.52-9618&noUDP&sock=1070130_bfb6_4>
...
006 (358704.000.000) 06/04 06:22:12 Image size of job updated: 99676
	48  -  MemoryUsage of job (MB)
	48612  -  ResidentSetSize of job (KB)
...
006 (358704.000.000) 06/04 06:22:13 Image size of job updated: 130584
	48  -  MemoryUsage of job (MB)
	48612  -  ResidentSetSize of job (KB)
...
005 (358704.000.000) 06/04 06:22:13 Job terminated.
	(1) Normal termination (return value 2)
		Usr 0 00:00:01, Sys 0 00:00:00  -  Run Remote Usage
		Usr 0 00:00:00, Sys 0 00:00:00  -  Run Local Usage
		Usr 0 00:00:01, Sys 0 00:00:00  -  Total Remote Usage
		Usr 0 00:00:00, Sys 0 00:00:00  -  Total Local Usage
	0  -  Run Bytes Sent By Job
	0  -  Run Bytes Received By Job
	0  -  Total Bytes Sent By Job
	0  -  Total Bytes Received By Job
	Partitionable Resources :    Usage  Request Allocated
	   Cpus                 :                 1         1
	   Disk (KB)            :        1        1    465402
	   Memory (MB)          :       48        1         1
...
000 (358705.000.000) 06/04 06:27:10 Job submitted from host: <192.168.100.50:9618?addrs=192.168.100.50-9618&noUDP&sock=1998602_505b_3>
...
001 (358705.000.000) 06/04 06:27:27 Job executing on host: <192.168.100.52:9618?addrs=192.168.100.52-9618&noUDP&sock=1070130_bfb6_4>
...
006 (358705.000.000) 06/04 06:27:35 Image size of job updated: 228564
	224  -  MemoryUsage of job (MB)
	228436  -  ResidentSetSize of job (KB)
...
006 (358705.000.000) 06/04 06:32:35 Image size of job updated: 472968
	462  -  MemoryUsage of job (MB)
	472840  -  ResidentSetSize of job (KB)
...
006 (358705.000.000) 06/04 06:37:22 Image size of job updated: 1236220
	462  -  MemoryUsage of job (MB)
	472840  -  ResidentSetSize of job (KB)
...
005 (358705.000.000) 06/04 06:37:22 Job terminated.
	(1) Normal termination (return value 139)
		Usr 0 00:09:45, Sys 0 00:00:07  -  Run Remote Usage
		Usr 0 00:00:00, Sys 0 00:00:00  -  Run Local Usage
		Usr 0 00:09:45, Sys 0 00:00:07  -  Total Remote Usage
		Usr 0 00:00:00, Sys 0 00:00:00  -  Total Local Usage
	0  -  Run Bytes Sent By Job
	0  -  Run Bytes Received By Job
	0  -  Total Bytes Sent By Job
	0  -  Total Bytes Received By Job
	Partitionable Resources :    Usage  Request Allocated
	   Cpus                 :                 1         1
	   Disk (KB)            :        1        1    465402
	   Memory (MB)          :      462        1         1
...
