
-------------------- Trial 0  --------------------

Trial 0 Training NaiveBayesTrainer with 2700 instances
Trial 0 Training NaiveBayesTrainer finished
Trial 0 Trainer NaiveBayesTrainer
 Raw Testing Data
array:0 talk.politics.guns talk.politics.guns:1.0 talk.politics.misc:3.599892413945947E-22 talk.politics.mideast:4.108573190054596E-40 
array:1 talk.politics.guns talk.politics.guns:1.0 talk.politics.misc:1.1357340212860203E-25 talk.politics.mideast:3.6574326266845373E-34 
array:2 talk.politics.guns talk.politics.guns:0.9999999614798128 talk.politics.misc:3.852018708032838E-8 talk.politics.mideast:1.7845531893193972E-19 
array:3 talk.politics.guns talk.politics.guns:1.0 talk.politics.misc:2.3409065961410426E-133 talk.politics.mideast:5.2837445506356E-227 
array:4 talk.politics.guns talk.politics.guns:1.0 talk.politics.misc:2.954103863112876E-50 talk.politics.mideast:1.444223226908834E-74 
array:5 talk.politics.guns talk.politics.guns:0.9999999942514253 talk.politics.misc:5.748574686667314E-9 talk.politics.mideast:1.0600570450343018E-31 
array:6 talk.politics.guns talk.politics.misc:0.943552263458346 talk.politics.guns:0.056412338320732607 talk.politics.mideast:3.5398220921389725E-5 
array:7 talk.politics.guns talk.politics.guns:0.724961473572887 talk.politics.misc:0.26209632045276365 talk.politics.mideast:0.012942205974349372 
array:8 talk.politics.guns talk.politics.guns:1.0 talk.politics.misc:1.223488371234842E-64 talk.politics.mideast:1.127130593614244E-70 
array:9 talk.politics.guns talk.politics.guns:1.0 talk.politics.misc:6.096155878170689E-21 talk.politics.mideast:1.0424178149120176E-62 
array:10 talk.politics.guns talk.politics.guns:1.0 talk.politics.misc:4.09948310538364E-23 talk.politics.mideast:1.6053278215229487E-35 
array:11 talk.politics.guns talk.politics.guns:0.9999999999422924 talk.politics.misc:5.770763599664516E-11 talk.politics.mideast:4.265541778818001E-17 
array:12 talk.politics.guns talk.politics.guns:1.0 talk.politics.misc:1.508368081426854E-43 talk.politics.mideast:2.363594626281966E-119 
array:13 talk.politics.guns talk.politics.guns:1.0 talk.politics.misc:1.6769117219485324E-24 talk.politics.mideast:2.5487457659299515E-61 
array:14 talk.politics.guns talk.politics.guns:0.9999995760502182 talk.politics.misc:4.2382184935466734E-7 talk.politics.mideast:1.279325283534489E-10 
array:15 talk.politics.guns talk.politics.guns:1.0 talk.politics.misc:1.2351105077894016E-64 talk.politics.mideast:2.9112864889594128E-83 
array:16 talk.politics.guns talk.politics.guns:0.9999998168678237 talk.politics.misc:1.831321763159352E-7 talk.politics.mideast:4.520593303961036E-28 
array:17 talk.politics.guns talk.politics.guns:1.0 talk.politics.misc:1.3290725753886655E-68 talk.politics.mideast:1.0549941384119118E-158 
array:18 talk.politics.guns talk.politics.guns:0.9999999999999829 talk.politics.misc:1.702410349144819E-14 talk.politics.mideast:1.6630204136142575E-18 
array:19 talk.politics.guns talk.politics.guns:1.0 talk.politics.misc:4.33116843337215E-23 talk.politics.mideast:1.7934210531914061E-40 
array:20 talk.politics.guns talk.politics.guns:0.9999938033266128 talk.politics.misc:6.19667337569628E-6 talk.politics.mideast:1.144483631877778E-14 
array:21 talk.politics.guns talk.politics.guns:0.9999999999999998 talk.politics.misc:1.5505567058491062E-16 talk.politics.mideast:3.5980314128976563E-26 
array:22 talk.politics.guns talk.politics.guns:1.0 talk.politics.misc:2.2649703244005164E-20 talk.politics.mideast:2.14574647599439E-45 
array:23 talk.politics.guns talk.politics.guns:0.9999999999999629 talk.politics.misc:3.716904075685553E-14 talk.politics.mideast:1.658848694212415E-18 
array:24 talk.politics.guns talk.politics.guns:0.9999999921772816 talk.politics.misc:7.822718450766418E-9 talk.politics.mideast:5.792041981234745E-17 
array:25 talk.politics.guns talk.politics.guns:1.0 talk.politics.misc:1.049482498674092E-17 talk.politics.mideast:5.768312131872942E-33 
array:26 talk.politics.guns talk.politics.guns:0.9999999999999944 talk.politics.misc:5.616706977754026E-15 talk.politics.mideast:9.354910055719695E-34 
array:27 talk.politics.guns talk.politics.guns:0.9988396297173953 talk.politics.misc:0.0011603702798565134 talk.politics.mideast:2.7480794134400227E-12 
array:28 talk.politics.guns talk.politics.guns:0.9989093166978605 talk.politics.misc:0.0010906833021395023 talk.politics.mideast:9.761272019909088E-53 
array:29 talk.politics.guns talk.politics.guns:0.9999999999983056 talk.politics.misc:1.6944651408816468E-12 talk.politics.mideast:1.7122034919539617E-63 
array:30 talk.politics.guns talk.politics.guns:1.0 talk.politics.misc:1.2361346808664017E-22 talk.politics.mideast:1.8403413825025494E-33 
array:31 talk.politics.guns talk.politics.guns:1.0 talk.politics.misc:2.569296174662145E-19 talk.politics.mideast:4.28856754772153E-31 
array:32 talk.politics.guns talk.politics.guns:0.9999929025333414 talk.politics.misc:7.097466658535931E-6 talk.politics.mideast:8.762441825357856E-26 
array:33 talk.politics.guns talk.politics.guns:1.0 talk.politics.misc:2.835494048884017E-44 talk.politics.mideast:1.3878378032001997E-73 
array:34 talk.politics.guns talk.politics.guns:1.0 talk.politics.misc:7.852992696315423E-20 talk.politics.mideast:3.11965984395471E-22 
array:35 talk.politics.guns talk.politics.guns:1.0 talk.politics.misc:8.953734652629241E-44 talk.politics.mideast:1.171106300789729E-75 
array:36 talk.politics.guns talk.politics.guns:1.0 talk.politics.misc:1.1525979906513245E-54 talk.politics.mideast:1.2539607307411925E-107 
array:37 talk.politics.guns talk.politics.guns:1.0 talk.politics.misc:2.278148667488245E-62 talk.politics.mideast:5.704529187886048E-74 
array:38 talk.politics.guns talk.politics.misc:0.9092086460487547 talk.politics.guns:0.09075834363331667 talk.politics.mideast:3.30103179286867E-5 
array:39 talk.politics.guns talk.politics.guns:0.9999999999952085 talk.politics.misc:4.791492042182219E-12 talk.politics.mideast:1.6690702155616035E-17 
array:40 talk.politics.guns talk.politics.guns:1.0 talk.politics.misc:2.61726084522857E-29 talk.politics.mideast:2.1612129400209012E-68 
array:41 talk.politics.guns talk.politics.guns:0.9999999999994473 talk.politics.misc:5.52632945994789E-13 talk.politics.mideast:1.2471036955869618E-28 
array:42 talk.politics.guns talk.politics.guns:1.0 talk.politics.misc:2.5388510828755695E-96 talk.politics.mideast:2.0349901605931478E-140 
array:43 talk.politics.guns talk.politics.guns:1.0 talk.politics.misc:1.460306458528717E-35 talk.politics.mideast:1.3150620667807583E-107 
array:44 talk.politics.guns talk.politics.guns:0.9999200788182947 talk.politics.misc:7.992114775079826E-5 talk.politics.mideast:3.3954340859311184E-11 
array:45 talk.politics.guns talk.politics.guns:0.6062865889824481 talk.politics.misc:0.39371341101754803 talk.politics.mideast:3.828432008792712E-15 
array:46 talk.politics.guns talk.politics.guns:1.0 talk.politics.misc:8.732051849613103E-29 talk.politics.mideast:4.6823332235568224E-36 
array:47 talk.politics.guns talk.politics.guns:1.0 talk.politics.misc:4.6602270210691115E-39 talk.politics.mideast:1.9196147248099536E-92 
array:48 talk.politics.guns talk.politics.guns:0.9751926889527487 talk.politics.misc:0.014585910135060321 talk.politics.mideast:0.010221400912191089 
array:49 talk.politics.guns talk.politics.guns:0.9999999999999998 talk.politics.misc:2.4332480282229696E-16 talk.politics.mideast:3.11875191320188E-91 
array:50 talk.politics.guns talk.politics.guns:0.9999879326915759 talk.politics.misc:1.2067308317955913E-5 talk.politics.mideast:1.0615782271676775E-13 
array:51 talk.politics.guns talk.politics.guns:0.9999879326915759 talk.politics.misc:1.2067308317955913E-5 talk.politics.mideast:1.0615782271676775E-13 
array:52 talk.politics.guns talk.politics.guns:0.9999879326915759 talk.politics.misc:1.2067308317955913E-5 talk.politics.mideast:1.0615782271676775E-13 
array:53 talk.politics.guns talk.politics.guns:0.9999879326915759 talk.politics.misc:1.2067308317955913E-5 talk.politics.mideast:1.0615782271676775E-13 
array:54 talk.politics.guns talk.politics.guns:0.6849431106631364 talk.politics.misc:0.31398747422138773 talk.politics.mideast:0.001069415115475909 
array:55 talk.politics.guns talk.politics.guns:0.9999879326915759 talk.politics.misc:1.2067308317955913E-5 talk.politics.mideast:1.0615782271676775E-13 
array:56 talk.politics.guns talk.politics.guns:1.0 talk.politics.misc:1.9986290310124955E-55 talk.politics.mideast:2.167065672031486E-109 
array:57 talk.politics.guns talk.politics.guns:1.0 talk.politics.misc:1.4955325882235413E-60 talk.politics.mideast:6.208716494936329E-110 
array:58 talk.politics.guns talk.politics.guns:0.9663543003026771 talk.politics.misc:0.033645699697322985 talk.politics.mideast:4.549197073289496E-33 
array:59 talk.politics.guns talk.politics.guns:0.9999723254340934 talk.politics.misc:2.767386589681168E-5 talk.politics.mideast:7.000097766776379E-10 
array:60 talk.politics.guns talk.politics.guns:0.9999999999999998 talk.politics.misc:3.2144828703207053E-16 talk.politics.mideast:7.799441852757601E-35 
array:61 talk.politics.guns talk.politics.guns:1.0 talk.politics.misc:2.2053543243479163E-22 talk.politics.mideast:4.083927464876131E-59 
array:62 talk.politics.guns talk.politics.guns:0.9991100964541036 talk.politics.misc:8.892691452059971E-4 talk.politics.mideast:6.344006904291577E-7 
array:63 talk.politics.guns talk.politics.guns:0.9999999999912645 talk.politics.misc:8.735466955739109E-12 talk.politics.mideast:6.3233770966300745E-40 
array:64 talk.politics.guns talk.politics.guns:0.9999999999999967 talk.politics.misc:3.3354403037069532E-15 talk.politics.mideast:7.121341187805562E-73 
array:65 talk.politics.guns talk.politics.guns:0.9999999980594716 talk.politics.misc:1.0483530433892382E-9 talk.politics.mideast:8.921754873535876E-10 
array:66 talk.politics.guns talk.politics.guns:1.0 talk.politics.misc:4.993977565100621E-28 talk.politics.mideast:5.6599785831811944E-74 
array:67 talk.politics.guns talk.politics.guns:0.9999893759404187 talk.politics.misc:1.062405958099748E-5 talk.politics.mideast:1.814044844024592E-16 
array:68 talk.politics.guns talk.politics.guns:0.9999999999985723 talk.politics.misc:1.4277090524425485E-12 talk.politics.mideast:1.971442933271971E-26 
array:69 talk.politics.guns talk.politics.guns:1.0 talk.politics.mideast:2.792895916109815E-22 talk.politics.misc:1.1782890478415617E-22 
array:70 talk.politics.guns talk.politics.guns:0.999999999999251 talk.politics.misc:7.489613183998215E-13 talk.politics.mideast:2.1714719889862807E-52 
array:71 talk.politics.guns talk.politics.guns:0.999999987587101 talk.politics.misc:1.2412898766435202E-8 talk.politics.mideast:1.3705190490637952E-16 
array:72 talk.politics.guns talk.politics.misc:0.9968537251859815 talk.politics.guns:0.0015945789688977861 talk.politics.mideast:0.0015516958451207332 
array:73 talk.politics.guns talk.politics.guns:1.0 talk.politics.misc:1.0669548374163901E-42 talk.politics.mideast:8.329504484099423E-71 
array:74 talk.politics.guns talk.politics.guns:0.9999349259157271 talk.politics.misc:6.507408427293426E-5 talk.politics.mideast:7.132735251738336E-20 
array:75 talk.politics.guns talk.politics.misc:0.9981495095968799 talk.politics.guns:0.001850490403120215 talk.politics.mideast:1.8499238852951793E-47 
array:76 talk.politics.guns talk.politics.guns:0.9999999313407271 talk.politics.misc:6.865927278887839E-8 talk.politics.mideast:2.650858897652982E-20 
array:77 talk.politics.guns talk.politics.guns:1.0 talk.politics.misc:7.688889450998746E-22 talk.politics.mideast:3.199049494066603E-31 
array:78 talk.politics.guns talk.politics.guns:1.0 talk.politics.misc:7.134962859548944E-28 talk.politics.mideast:2.2862436374034744E-47 
array:79 talk.politics.guns talk.politics.guns:1.0 talk.politics.misc:2.5809233824716074E-22 talk.politics.mideast:1.1093157944809988E-88 
array:80 talk.politics.guns talk.politics.guns:0.9999989475702473 talk.politics.misc:1.0524297526547747E-6 talk.politics.mideast:1.0395472467268191E-21 
array:81 talk.politics.guns talk.politics.guns:0.999975711235941 talk.politics.misc:2.4288764059055332E-5 talk.politics.mideast:2.5796468958887526E-29 
array:82 talk.politics.guns talk.politics.guns:0.9999999821744928 talk.politics.misc:1.7825507135988796E-8 talk.politics.mideast:2.984820236335352E-19 
array:83 talk.politics.guns talk.politics.guns:0.9999999021189856 talk.politics.misc:9.788101445663514E-8 talk.politics.mideast:9.874594885451366E-31 
array:84 talk.politics.guns talk.politics.guns:0.9999999999998856 talk.politics.misc:1.1445490887691286E-13 talk.politics.mideast:3.0356110986113477E-44 
array:85 talk.politics.guns talk.politics.guns:1.0 talk.politics.misc:6.831549157684865E-22 talk.politics.mideast:4.1395098359469876E-43 
array:86 talk.politics.guns talk.politics.guns:0.9977154779322711 talk.politics.misc:0.0022845220677288956 talk.politics.mideast:7.202636999729139E-27 
array:87 talk.politics.guns talk.politics.guns:1.0 talk.politics.misc:7.169549473756239E-56 talk.politics.mideast:2.4994920473603325E-86 
array:88 talk.politics.guns talk.politics.guns:1.0 talk.politics.misc:3.370224220456852E-18 talk.politics.mideast:7.574998139830143E-31 
array:89 talk.politics.guns talk.politics.misc:0.8678200811942081 talk.politics.guns:0.1321799188057919 talk.politics.mideast:1.4209124623267597E-26 
array:90 talk.politics.guns talk.politics.guns:0.9676880344938551 talk.politics.misc:0.032311864219064845 talk.politics.mideast:1.0128707993736251E-7 
array:91 talk.politics.guns talk.politics.guns:0.9999954874685322 talk.politics.misc:4.5125314530068085E-6 talk.politics.mideast:1.4785823632916998E-14 
array:92 talk.politics.guns talk.politics.misc:0.9963917042296901 talk.politics.guns:0.0036081603843665573 talk.politics.mideast:1.3538594332496064E-7 
array:93 talk.politics.guns talk.politics.guns:1.0 talk.politics.misc:4.7305623560385507E-94 talk.politics.mideast:1.5692519164710176E-200 
array:94 talk.politics.guns talk.politics.guns:1.0 talk.politics.misc:5.571296603570912E-19 talk.politics.mideast:7.151108327413581E-42 
array:95 talk.politics.guns talk.politics.guns:0.9988259213586352 talk.politics.misc:0.0011740786413332776 talk.politics.mideast:3.1418395262030416E-14 
array:96 talk.politics.guns talk.politics.guns:0.9999999973801466 talk.politics.misc:2.6198476605832927E-9 talk.politics.mideast:5.7133629995644546E-15 
array:97 talk.politics.guns talk.politics.guns:0.9999454599232676 talk.politics.misc:5.4540076732433324E-5 talk.politics.mideast:2.535808726715515E-28 
array:98 talk.politics.guns talk.politics.guns:1.0 talk.politics.misc:4.887463969414315E-22 talk.politics.mideast:1.9523056970330084E-30 
array:99 talk.politics.guns talk.politics.guns:0.9999999999997473 talk.politics.misc:2.5266226869884234E-13 talk.politics.mideast:1.677549921362276E-30 
array:100 talk.politics.mideast talk.politics.mideast:0.999999999690367 talk.politics.misc:3.096329260267717E-10 talk.politics.guns:5.433391000075127E-17 
array:101 talk.politics.mideast talk.politics.mideast:1.0 talk.politics.guns:4.640930962069665E-18 talk.politics.misc:3.2510425168614315E-18 
array:102 talk.politics.mideast talk.politics.mideast:1.0 talk.politics.misc:7.900282519743417E-34 talk.politics.guns:1.872935737989683E-53 
array:103 talk.politics.mideast talk.politics.mideast:1.0 talk.politics.misc:1.413170901647008E-65 talk.politics.guns:2.781188364432358E-87 
array:104 talk.politics.mideast talk.politics.mideast:1.0 talk.politics.misc:3.518035877327528E-79 talk.politics.guns:5.752204431178109E-93 
array:105 talk.politics.mideast talk.politics.mideast:0.9999999481143664 talk.politics.misc:5.1885633500314077E-8 talk.politics.guns:7.23854688592072E-23 
array:106 talk.politics.mideast talk.politics.mideast:1.0 talk.politics.misc:4.902326065046696E-29 talk.politics.guns:3.026304959056535E-49 
array:107 talk.politics.mideast talk.politics.mideast:1.0 talk.politics.misc:6.623454515231651E-66 talk.politics.guns:1.3013005139343794E-131 
array:108 talk.politics.mideast talk.politics.mideast:1.0 talk.politics.misc:5.199514380851991E-25 talk.politics.guns:1.8505391585774535E-39 
array:109 talk.politics.mideast talk.politics.mideast:1.0 talk.politics.misc:7.464877778334991E-48 talk.politics.guns:1.6911732492397278E-62 
array:110 talk.politics.mideast talk.politics.mideast:1.0 talk.politics.misc:1.8415091893776156E-27 talk.politics.guns:2.5620769947869E-40 
array:111 talk.politics.mideast talk.politics.mideast:1.0 talk.politics.misc:3.331723446368416E-92 talk.politics.guns:2.9107948823358836E-107 
array:112 talk.politics.mideast talk.politics.mideast:0.9999999954916989 talk.politics.misc:3.5394730032781566E-9 talk.politics.guns:9.688280760011965E-10 
array:113 talk.politics.mideast talk.politics.mideast:1.0 talk.politics.misc:2.012955007411901E-44 talk.politics.guns:8.056474745882152E-59 
array:114 talk.politics.mideast talk.politics.mideast:1.0 talk.politics.misc:1.5425924884498044E-59 talk.politics.guns:8.756505362238379E-79 
array:115 talk.politics.mideast talk.politics.mideast:1.0 talk.politics.misc:2.287828625196693E-34 talk.politics.guns:5.665896302681055E-52 
array:116 talk.politics.mideast talk.politics.mideast:0.9999999994316804 talk.politics.misc:5.670096828740297E-10 talk.politics.guns:1.3098557362429684E-12 
array:117 talk.politics.mideast talk.politics.mideast:0.6593335255124377 talk.politics.misc:0.25918774603630873 talk.politics.guns:0.08147872845125352 
array:118 talk.politics.mideast talk.politics.mideast:1.0 talk.politics.misc:1.4637295380479902E-68 talk.politics.guns:1.0924501598211804E-99 
array:119 talk.politics.mideast talk.politics.mideast:1.0 talk.politics.misc:4.366336233262655E-129 talk.politics.guns:8.802924230499924E-167 
array:120 talk.politics.mideast talk.politics.mideast:1.0 talk.politics.misc:1.9368139082277033E-67 talk.politics.guns:7.29127995583299E-83 
array:121 talk.politics.mideast talk.politics.guns:0.5002776251002796 talk.politics.mideast:0.4200537362249778 talk.politics.misc:0.07966863867474255 
array:122 talk.politics.mideast talk.politics.mideast:1.0 talk.politics.misc:2.895994803410405E-20 talk.politics.guns:1.1451239277088303E-30 
array:123 talk.politics.mideast talk.politics.mideast:1.0 talk.politics.misc:6.255209688627896E-67 talk.politics.guns:1.5564598282468666E-76 
array:124 talk.politics.mideast talk.politics.mideast:1.0 talk.politics.guns:0.0 talk.politics.misc:0.0 
array:125 talk.politics.mideast talk.politics.mideast:1.0 talk.politics.misc:4.8010754217091704E-265 talk.politics.guns:0.0 
array:126 talk.politics.mideast talk.politics.mideast:1.0 talk.politics.misc:1.3815307744022363E-114 talk.politics.guns:1.130107899676863E-145 
array:127 talk.politics.mideast talk.politics.mideast:1.0 talk.politics.misc:2.613713831366481E-114 talk.politics.guns:1.7470234751507773E-174 
array:128 talk.politics.mideast talk.politics.mideast:1.0 talk.politics.guns:0.0 talk.politics.misc:0.0 
array:129 talk.politics.mideast talk.politics.mideast:1.0 talk.politics.misc:2.9665456054035946E-19 talk.politics.guns:6.170831856762733E-28 
array:130 talk.politics.mideast talk.politics.mideast:0.9999999999999958 talk.politics.guns:3.507857527587714E-15 talk.politics.misc:5.688202577554586E-16 
array:131 talk.politics.mideast talk.politics.mideast:1.0 talk.politics.misc:7.386784182353354E-42 talk.politics.guns:1.586530071638975E-79 
array:132 talk.politics.mideast talk.politics.mideast:0.9479998424565242 talk.politics.misc:0.03447979747544577 talk.politics.guns:0.01752036006803015 
array:133 talk.politics.mideast talk.politics.mideast:0.9999999999997564 talk.politics.misc:2.435519001222296E-13 talk.politics.guns:1.141821873137374E-21 
array:134 talk.politics.mideast talk.politics.mideast:1.0 talk.politics.misc:1.1727207996802472E-28 talk.politics.guns:2.571212700514228E-82 
array:135 talk.politics.mideast talk.politics.mideast:1.0 talk.politics.misc:1.234751186771907E-67 talk.politics.guns:9.017955451493325E-117 
array:136 talk.politics.mideast talk.politics.mideast:1.0 talk.politics.misc:2.664106780384187E-91 talk.politics.guns:4.300185451025043E-204 
array:137 talk.politics.mideast talk.politics.mideast:0.9999999999886469 talk.politics.misc:1.1248961811545816E-11 talk.politics.guns:1.0419117718858145E-13 
array:138 talk.politics.mideast talk.politics.mideast:1.0 talk.politics.guns:0.0 talk.politics.misc:0.0 
array:139 talk.politics.mideast talk.politics.mideast:1.0 talk.politics.misc:4.668904614527466E-188 talk.politics.guns:1.78983679748749E-261 
array:140 talk.politics.mideast talk.politics.mideast:1.0 talk.politics.guns:0.0 talk.politics.misc:0.0 
array:141 talk.politics.mideast talk.politics.mideast:1.0 talk.politics.misc:6.67E-322 talk.politics.guns:0.0 
array:142 talk.politics.mideast talk.politics.mideast:1.0 talk.politics.guns:0.0 talk.politics.misc:0.0 
array:143 talk.politics.mideast talk.politics.mideast:1.0 talk.politics.guns:0.0 talk.politics.misc:0.0 
array:144 talk.politics.mideast talk.politics.misc:1.0 talk.politics.mideast:5.260305492094222E-27 talk.politics.guns:4.364560894834874E-42 
array:145 talk.politics.mideast talk.politics.mideast:1.0 talk.politics.misc:1.3417142979125647E-196 talk.politics.guns:3.3985101023183736E-253 
array:146 talk.politics.mideast talk.politics.mideast:1.0 talk.politics.misc:1.204427057737511E-212 talk.politics.guns:4.0430677469058763E-303 
array:147 talk.politics.mideast talk.politics.mideast:1.0 talk.politics.misc:2.5877176487800736E-260 talk.politics.guns:1.2605363826719236E-283 
array:148 talk.politics.mideast talk.politics.mideast:1.0 talk.politics.misc:5.265982830166E-245 talk.politics.guns:1.892452838737498E-291 
array:149 talk.politics.mideast talk.politics.mideast:0.9999565962609278 talk.politics.misc:4.34037390721767E-5 talk.politics.guns:1.556152682151352E-23 
array:150 talk.politics.mideast talk.politics.mideast:1.0 talk.politics.misc:7.716519089173693E-36 talk.politics.guns:3.918989364451605E-62 
array:151 talk.politics.mideast talk.politics.mideast:1.0 talk.politics.misc:5.671572794837962E-17 talk.politics.guns:1.2057335521572827E-21 
array:152 talk.politics.mideast talk.politics.mideast:0.9999999999998315 talk.politics.misc:1.685624622630946E-13 talk.politics.guns:7.52905346555046E-20 
array:153 talk.politics.mideast talk.politics.mideast:1.0 talk.politics.misc:2.9930737140665078E-49 talk.politics.guns:3.1707063571508253E-84 
array:154 talk.politics.mideast talk.politics.mideast:1.0 talk.politics.misc:3.6342085825552794E-37 talk.politics.guns:2.0028171583421045E-54 
array:155 talk.politics.mideast talk.politics.mideast:1.0 talk.politics.misc:6.539828532910887E-52 talk.politics.guns:1.0301069028904922E-83 
array:156 talk.politics.mideast talk.politics.mideast:1.0 talk.politics.misc:2.843153244864862E-55 talk.politics.guns:4.451256233523451E-70 
array:157 talk.politics.mideast talk.politics.mideast:1.0 talk.politics.misc:2.6313073171417725E-127 talk.politics.guns:1.683147177555003E-150 
array:158 talk.politics.mideast talk.politics.mideast:1.0 talk.politics.misc:2.5061465861931703E-73 talk.politics.guns:2.4975391708333914E-132 
array:159 talk.politics.mideast talk.politics.mideast:1.0 talk.politics.misc:8.217076873883296E-82 talk.politics.guns:1.954980733203945E-99 
array:160 talk.politics.mideast talk.politics.mideast:1.0 talk.politics.misc:2.5653616628067278E-138 talk.politics.guns:2.9319137499032485E-188 
array:161 talk.politics.mideast talk.politics.mideast:1.0 talk.politics.misc:1.1101817023243328E-52 talk.politics.guns:2.201688418426201E-84 
array:162 talk.politics.mideast talk.politics.mideast:1.0 talk.politics.misc:3.6402904447103397E-90 talk.politics.guns:4.681834978237793E-117 
array:163 talk.politics.mideast talk.politics.mideast:1.0 talk.politics.guns:0.0 talk.politics.misc:0.0 
array:164 talk.politics.mideast talk.politics.mideast:1.0 talk.politics.guns:0.0 talk.politics.misc:0.0 
array:165 talk.politics.mideast talk.politics.mideast:1.0 talk.politics.misc:4.984171525327304E-165 talk.politics.guns:2.584071531700975E-208 
array:166 talk.politics.mideast talk.politics.mideast:1.0 talk.politics.misc:1.7028629842920325E-182 talk.politics.guns:6.511187332651277E-216 
array:167 talk.politics.mideast talk.politics.mideast:1.0 talk.politics.misc:5.155157174105935E-74 talk.politics.guns:2.6974194068790404E-110 
array:168 talk.politics.mideast talk.politics.mideast:1.0 talk.politics.misc:9.411148732275475E-80 talk.politics.guns:2.3862006060187477E-106 
array:169 talk.politics.mideast talk.politics.mideast:1.0 talk.politics.misc:3.5880367653293125E-85 talk.politics.guns:8.153040384333202E-110 
array:170 talk.politics.mideast talk.politics.mideast:1.0 talk.politics.misc:4.24874234215092E-112 talk.politics.guns:9.395724517706442E-146 
array:171 talk.politics.mideast talk.politics.mideast:1.0 talk.politics.misc:3.339672642635438E-57 talk.politics.guns:1.078884675191044E-73 
array:172 talk.politics.mideast talk.politics.mideast:1.0 talk.politics.misc:2.3407700482460866E-28 talk.politics.guns:9.048535036862272E-33 
array:173 talk.politics.mideast talk.politics.mideast:1.0 talk.politics.misc:5.132924991368135E-78 talk.politics.guns:3.9410405887660614E-138 
array:174 talk.politics.mideast talk.politics.mideast:1.0 talk.politics.misc:1.0451884885344969E-22 talk.politics.guns:7.36796513367163E-29 
array:175 talk.politics.mideast talk.politics.mideast:0.9999999953964833 talk.politics.misc:4.603439997805648E-9 talk.politics.guns:7.669816390136598E-14 
array:176 talk.politics.mideast talk.politics.mideast:1.0 talk.politics.misc:2.5559139039488094E-93 talk.politics.guns:7.503687369083043E-127 
array:177 talk.politics.mideast talk.politics.mideast:1.0 talk.politics.guns:0.0 talk.politics.misc:0.0 
array:178 talk.politics.mideast talk.politics.mideast:1.0 talk.politics.misc:3.9183662838561124E-27 talk.politics.guns:1.2756872386668742E-66 
array:179 talk.politics.mideast talk.politics.mideast:1.0 talk.politics.misc:1.274607747046649E-28 talk.politics.guns:2.5484871210759272E-45 
array:180 talk.politics.mideast talk.politics.mideast:1.0 talk.politics.misc:4.393333756827898E-51 talk.politics.guns:2.334914604479287E-84 
array:181 talk.politics.mideast talk.politics.mideast:0.9999998784047993 talk.politics.misc:1.1922219470297755E-7 talk.politics.guns:2.373006025883049E-9 
array:182 talk.politics.mideast talk.politics.mideast:1.0 talk.politics.misc:3.8088174734967387E-31 talk.politics.guns:1.1217046488140368E-62 
array:183 talk.politics.mideast talk.politics.mideast:1.0 talk.politics.misc:6.430828888088513E-80 talk.politics.guns:4.499434856973705E-109 
array:184 talk.politics.mideast talk.politics.mideast:1.0 talk.politics.guns:0.0 talk.politics.misc:0.0 
array:185 talk.politics.mideast talk.politics.mideast:1.0 talk.politics.misc:1.1974496961625736E-127 talk.politics.guns:3.211969902330718E-174 
array:186 talk.politics.mideast talk.politics.mideast:1.0 talk.politics.guns:0.0 talk.politics.misc:0.0 
array:187 talk.politics.mideast talk.politics.mideast:1.0 talk.politics.misc:1.703322118053341E-48 talk.politics.guns:1.277505215014071E-96 
array:188 talk.politics.mideast talk.politics.guns:0.9728448182685338 talk.politics.mideast:0.027155181731361836 talk.politics.misc:1.0445918816448043E-13 
array:189 talk.politics.mideast talk.politics.mideast:0.999861115610837 talk.politics.misc:1.227676201088909E-4 talk.politics.guns:1.6116769054028816E-5 
array:190 talk.politics.mideast talk.politics.mideast:0.7158064470125293 talk.politics.misc:0.28419354738712244 talk.politics.guns:5.600348267849476E-9 
array:191 talk.politics.mideast talk.politics.guns:0.6496194203541222 talk.politics.mideast:0.35024470157234816 talk.politics.misc:1.358780735296279E-4 
array:192 talk.politics.mideast talk.politics.mideast:1.0 talk.politics.misc:2.399250215510384E-119 talk.politics.guns:2.422853090291541E-170 
array:193 talk.politics.mideast talk.politics.mideast:1.0 talk.politics.misc:1.0061512730982848E-28 talk.politics.guns:5.3376933842839795E-31 
array:194 talk.politics.mideast talk.politics.mideast:0.9999999053076051 talk.politics.guns:9.469162419200756E-8 talk.politics.misc:7.707480456605349E-13 
array:195 talk.politics.mideast talk.politics.mideast:1.0 talk.politics.misc:4.331470224895858E-41 talk.politics.guns:7.403915920794309E-45 
array:196 talk.politics.mideast talk.politics.mideast:0.9978111156737071 talk.politics.guns:0.0021886128511167118 talk.politics.misc:2.7147517625684794E-7 
array:197 talk.politics.mideast talk.politics.mideast:0.9999216287183375 talk.politics.misc:7.837128166240004E-5 talk.politics.guns:1.561212891598625E-33 
array:198 talk.politics.mideast talk.politics.mideast:0.9999837311014068 talk.politics.misc:1.5549954028322528E-5 talk.politics.guns:7.189445648158045E-7 
array:199 talk.politics.mideast talk.politics.mideast:1.0 talk.politics.misc:4.640390918190618E-64 talk.politics.guns:3.674214597327319E-83 
array:200 talk.politics.misc talk.politics.guns:1.0 talk.politics.misc:7.298337991190436E-43 talk.politics.mideast:7.002573276507654E-57 
array:201 talk.politics.misc talk.politics.misc:1.0 talk.politics.guns:6.182245781400346E-64 talk.politics.mideast:2.547009876937039E-81 
array:202 talk.politics.misc talk.politics.misc:1.0 talk.politics.guns:5.75070303354012E-73 talk.politics.mideast:4.836686426898003E-109 
array:203 talk.politics.misc talk.politics.misc:1.0 talk.politics.mideast:1.04870200394074E-31 talk.politics.guns:1.6949968223044104E-37 
array:204 talk.politics.misc talk.politics.misc:1.0 talk.politics.guns:1.8698719768093484E-28 talk.politics.mideast:9.610509285724752E-33 
array:205 talk.politics.misc talk.politics.misc:1.0 talk.politics.guns:3.2644519805965494E-63 talk.politics.mideast:4.846337775136107E-67 
array:206 talk.politics.misc talk.politics.misc:1.0 talk.politics.guns:1.7608851735752822E-23 talk.politics.mideast:5.295381089172888E-37 
array:207 talk.politics.misc talk.politics.misc:1.0 talk.politics.guns:6.312046839562387E-35 talk.politics.mideast:9.54318961728386E-40 
array:208 talk.politics.misc talk.politics.guns:0.958654062598825 talk.politics.misc:0.041345937223147465 talk.politics.mideast:1.7802751684482351E-10 
array:209 talk.politics.misc talk.politics.misc:1.0 talk.politics.guns:4.2050237505957695E-31 talk.politics.mideast:1.8949148467392184E-58 
array:210 talk.politics.misc talk.politics.misc:1.0 talk.politics.guns:9.101677268462037E-57 talk.politics.mideast:9.822352383278185E-71 
array:211 talk.politics.misc talk.politics.misc:1.0 talk.politics.guns:1.9914697503651477E-46 talk.politics.mideast:8.428703204619329E-51 
array:212 talk.politics.misc talk.politics.misc:0.999999905717043 talk.politics.guns:9.428295701322054E-8 talk.politics.mideast:2.3782882815921534E-117 
array:213 talk.politics.misc talk.politics.misc:0.9676841394938407 talk.politics.guns:0.03231586050615928 talk.politics.mideast:8.644032081248495E-52 
array:214 talk.politics.misc talk.politics.misc:1.0 talk.politics.guns:4.7309828953743365E-112 talk.politics.mideast:2.419817871307509E-283 
array:215 talk.politics.misc talk.politics.mideast:0.9997245440398433 talk.politics.misc:2.7545596013152E-4 talk.politics.guns:2.5055593595274374E-14 
array:216 talk.politics.misc talk.politics.misc:1.0 talk.politics.guns:3.746821604016251E-73 talk.politics.mideast:8.916296573387801E-115 
array:217 talk.politics.misc talk.politics.misc:1.0 talk.politics.guns:0.0 talk.politics.mideast:0.0 
array:218 talk.politics.misc talk.politics.misc:0.999720391458403 talk.politics.guns:2.3136814589665763E-4 talk.politics.mideast:4.824039570041055E-5 
array:219 talk.politics.misc talk.politics.guns:0.9999972937618482 talk.politics.misc:2.706238151809456E-6 talk.politics.mideast:5.6238641193135305E-36 
array:220 talk.politics.misc talk.politics.misc:1.0 talk.politics.guns:3.026249000417017E-50 talk.politics.mideast:1.2951295220139033E-61 
array:221 talk.politics.misc talk.politics.misc:1.0 talk.politics.guns:1.8110325084654407E-45 talk.politics.mideast:6.513292874060251E-47 
array:222 talk.politics.misc talk.politics.misc:0.9999999997515319 talk.politics.guns:2.484682071765627E-10 talk.politics.mideast:1.0064789718507368E-57 
array:223 talk.politics.misc talk.politics.mideast:1.0 talk.politics.misc:5.723964021030691E-40 talk.politics.guns:2.656006174666104E-54 
array:224 talk.politics.misc talk.politics.misc:1.0 talk.politics.guns:1.044502009758727E-26 talk.politics.mideast:7.4387513567331705E-31 
array:225 talk.politics.misc talk.politics.misc:1.0 talk.politics.mideast:1.1960181389887197E-32 talk.politics.guns:1.590045414624065E-34 
array:226 talk.politics.misc talk.politics.misc:0.9999986556200621 talk.politics.guns:1.3443799378230568E-6 talk.politics.mideast:1.445167153471883E-18 
array:227 talk.politics.misc talk.politics.misc:0.9999996791943176 talk.politics.guns:3.2080568238715915E-7 talk.politics.mideast:9.197589536631601E-43 
array:228 talk.politics.misc talk.politics.guns:0.999941554756351 talk.politics.misc:5.8445205087027697E-5 talk.politics.mideast:3.856187878629203E-11 
array:229 talk.politics.misc talk.politics.misc:0.9999999999990796 talk.politics.guns:9.20416640786723E-13 talk.politics.mideast:3.008801182512272E-17 
array:230 talk.politics.misc talk.politics.misc:0.9997664733851999 talk.politics.guns:2.3352660795667913E-4 talk.politics.mideast:6.843537123512686E-12 
array:231 talk.politics.misc talk.politics.misc:0.9999993972911061 talk.politics.guns:6.027088939895363E-7 talk.politics.mideast:7.368607767190815E-27 
array:232 talk.politics.misc talk.politics.misc:1.0 talk.politics.guns:2.9054115407417047E-28 talk.politics.mideast:1.6148747949918686E-39 
array:233 talk.politics.misc talk.politics.misc:1.0 talk.politics.guns:6.877088794495577E-44 talk.politics.mideast:3.0788342441593995E-55 
array:234 talk.politics.misc talk.politics.misc:1.0 talk.politics.guns:4.9895347376100964E-30 talk.politics.mideast:2.944026905027338E-38 
array:235 talk.politics.misc talk.politics.misc:0.99999999998614 talk.politics.guns:1.3859951936827016E-11 talk.politics.mideast:2.564470028556126E-67 
array:236 talk.politics.misc talk.politics.misc:0.9999637720798432 talk.politics.guns:3.6227920156742174E-5 talk.politics.mideast:2.0569707895170003E-24 
array:237 talk.politics.misc talk.politics.misc:1.0 talk.politics.guns:0.0 talk.politics.mideast:0.0 
array:238 talk.politics.misc talk.politics.misc:0.9390578361634233 talk.politics.guns:0.040143173609034535 talk.politics.mideast:0.02079899022754221 
array:239 talk.politics.misc talk.politics.misc:1.0 talk.politics.guns:6.117837416316072E-32 talk.politics.mideast:9.29069789740511E-37 
array:240 talk.politics.misc talk.politics.mideast:1.0 talk.politics.misc:7.393078301602536E-286 talk.politics.guns:0.0 
array:241 talk.politics.misc talk.politics.misc:1.0 talk.politics.guns:0.0 talk.politics.mideast:0.0 
array:242 talk.politics.misc talk.politics.misc:0.9999999990633786 talk.politics.guns:9.36621338114347E-10 talk.politics.mideast:1.0003551508708172E-30 
array:243 talk.politics.misc talk.politics.misc:0.9999999999975544 talk.politics.guns:2.445498517506285E-12 talk.politics.mideast:1.5306467547794184E-18 
array:244 talk.politics.misc talk.politics.mideast:1.0 talk.politics.misc:8.793940299009544E-19 talk.politics.guns:1.0119029801624038E-25 
array:245 talk.politics.misc talk.politics.misc:1.0 talk.politics.guns:3.022949457759072E-18 talk.politics.mideast:1.4149415751941396E-28 
array:246 talk.politics.misc talk.politics.misc:1.0 talk.politics.mideast:6.837268348964011E-29 talk.politics.guns:1.4154035213836412E-33 
array:247 talk.politics.misc talk.politics.guns:0.9957304278110831 talk.politics.misc:0.004269572188916897 talk.politics.mideast:7.35568978155435E-22 
array:248 talk.politics.misc talk.politics.misc:1.0 talk.politics.guns:1.5103006570979519E-33 talk.politics.mideast:7.450226627739207E-50 
array:249 talk.politics.misc talk.politics.guns:0.9999999873851201 talk.politics.misc:1.2614879809787944E-8 talk.politics.mideast:1.1713593877409374E-55 
array:250 talk.politics.misc talk.politics.guns:0.9979978057122033 talk.politics.misc:0.0020021942877967006 talk.politics.mideast:2.523905007426895E-32 
array:251 talk.politics.misc talk.politics.misc:1.0 talk.politics.guns:1.1464055141848143E-79 talk.politics.mideast:6.084698037909367E-84 
array:252 talk.politics.misc talk.politics.misc:1.0 talk.politics.guns:1.0650222207661102E-32 talk.politics.mideast:6.721620673391414E-41 
array:253 talk.politics.misc talk.politics.misc:0.9999999916594592 talk.politics.guns:8.340540874729099E-9 talk.politics.mideast:9.59226143841888E-34 
array:254 talk.politics.misc talk.politics.misc:1.0 talk.politics.guns:4.572797945873047E-54 talk.politics.mideast:1.2137351985802194E-80 
array:255 talk.politics.misc talk.politics.misc:0.9999999997041875 talk.politics.guns:2.9581239389079046E-10 talk.politics.mideast:5.226546596954677E-19 
array:256 talk.politics.misc talk.politics.misc:1.0 talk.politics.guns:0.0 talk.politics.mideast:0.0 
array:257 talk.politics.misc talk.politics.misc:0.5243652832403285 talk.politics.guns:0.47563471675967145 talk.politics.mideast:1.7199372695650183E-26 
array:258 talk.politics.misc talk.politics.misc:0.9999999998019871 talk.politics.guns:1.9801294210526675E-10 talk.politics.mideast:1.332957838457522E-33 
array:259 talk.politics.misc talk.politics.misc:1.0 talk.politics.guns:1.592627331354726E-23 talk.politics.mideast:1.6468959178503764E-26 
array:260 talk.politics.misc talk.politics.misc:1.0 talk.politics.guns:2.460313693923301E-36 talk.politics.mideast:1.555192550930939E-56 
array:261 talk.politics.misc talk.politics.misc:0.9999982682209646 talk.politics.guns:1.7317787754392652E-6 talk.politics.mideast:2.6003857371243936E-13 
array:262 talk.politics.misc talk.politics.misc:1.0 talk.politics.guns:3.1029070864534538E-27 talk.politics.mideast:2.325253334278171E-53 
array:263 talk.politics.misc talk.politics.misc:0.999999590484779 talk.politics.guns:4.0946563965122326E-7 talk.politics.mideast:4.958127721224188E-11 
array:264 talk.politics.misc talk.politics.misc:1.0 talk.politics.guns:2.117444890248568E-31 talk.politics.mideast:1.6547066180504507E-44 
array:265 talk.politics.misc talk.politics.misc:1.0 talk.politics.guns:4.8649926333811034E-55 talk.politics.mideast:1.7119284671979665E-81 
array:266 talk.politics.misc talk.politics.misc:1.0 talk.politics.guns:6.484999673262042E-52 talk.politics.mideast:2.541470206603787E-52 
array:267 talk.politics.misc talk.politics.guns:0.9996902804552115 talk.politics.misc:3.09718476995814E-4 talk.politics.mideast:1.0677928226734296E-9 
array:268 talk.politics.misc talk.politics.guns:0.935954507135742 talk.politics.misc:0.06404549273493396 talk.politics.mideast:1.2932412270757452E-10 
array:269 talk.politics.misc talk.politics.guns:0.9841464661934883 talk.politics.misc:0.015853533806511656 talk.politics.mideast:1.1429991423267237E-18 
array:270 talk.politics.misc talk.politics.guns:0.9937075452337344 talk.politics.misc:0.00629245476626548 talk.politics.mideast:2.31624874985392E-21 
array:271 talk.politics.misc talk.politics.misc:1.0 talk.politics.guns:3.2211802980443276E-28 talk.politics.mideast:9.236459390008E-75 
array:272 talk.politics.misc talk.politics.misc:1.0 talk.politics.mideast:3.568268177112437E-80 talk.politics.guns:2.242116081312922E-137 
array:273 talk.politics.misc talk.politics.guns:1.0 talk.politics.misc:2.4217867676966075E-43 talk.politics.mideast:9.676219347821065E-63 
array:274 talk.politics.misc talk.politics.misc:0.9999726878822581 talk.politics.guns:2.7312117741893704E-5 talk.politics.mideast:1.7187520389207047E-31 
array:275 talk.politics.misc talk.politics.guns:0.9999999999999927 talk.politics.misc:7.261525040161147E-15 talk.politics.mideast:1.5869372860001027E-58 
array:276 talk.politics.misc talk.politics.misc:0.9999837490894211 talk.politics.guns:1.6250910578893614E-5 talk.politics.mideast:8.011307626658968E-41 
array:277 talk.politics.misc talk.politics.misc:0.9999999993319564 talk.politics.guns:6.680435085774514E-10 talk.politics.mideast:4.1294778603162865E-18 
array:278 talk.politics.misc talk.politics.mideast:0.6088376285635357 talk.politics.misc:0.28233831488071476 talk.politics.guns:0.10882405655574945 
array:279 talk.politics.misc talk.politics.misc:0.9993898962824461 talk.politics.guns:6.101037175538259E-4 talk.politics.mideast:1.0956610048378047E-22 
array:280 talk.politics.misc talk.politics.guns:0.9996251532597252 talk.politics.misc:3.7484674027473373E-4 talk.politics.mideast:6.174665198032379E-17 
array:281 talk.politics.misc talk.politics.misc:0.9999800921134858 talk.politics.guns:1.98908484064237E-5 talk.politics.mideast:1.7038107788501972E-8 
array:282 talk.politics.misc talk.politics.misc:0.9999989847510098 talk.politics.guns:1.0152489902695135E-6 talk.politics.mideast:2.7345954364880187E-27 
array:283 talk.politics.misc talk.politics.misc:1.0 talk.politics.guns:9.515093173754704E-28 talk.politics.mideast:4.2341875179711946E-104 
array:284 talk.politics.misc talk.politics.misc:0.9999954536410522 talk.politics.guns:4.546358947843732E-6 talk.politics.mideast:4.495531432776113E-35 
array:285 talk.politics.misc talk.politics.misc:0.9999684209297337 talk.politics.guns:3.1579070266333344E-5 talk.politics.mideast:2.809510268270111E-20 
array:286 talk.politics.misc talk.politics.misc:0.9999996121609128 talk.politics.guns:3.8783908720888514E-7 talk.politics.mideast:1.476317191978104E-79 
array:287 talk.politics.misc talk.politics.misc:0.9999996768535874 talk.politics.guns:3.2314641267236415E-7 talk.politics.mideast:5.235594964368439E-36 
array:288 talk.politics.misc talk.politics.guns:0.7846821937181447 talk.politics.misc:0.21531780628185532 talk.politics.mideast:9.206720363270742E-30 
array:289 talk.politics.misc talk.politics.misc:0.9996740464579645 talk.politics.guns:3.2595354203551546E-4 talk.politics.mideast:3.405476347871565E-22 
array:290 talk.politics.misc talk.politics.misc:1.0 talk.politics.guns:8.963805281828721E-67 talk.politics.mideast:1.395882695878552E-80 
array:291 talk.politics.misc talk.politics.misc:1.0 talk.politics.guns:2.3380107209811324E-74 talk.politics.mideast:2.6159787030715094E-110 
array:292 talk.politics.misc talk.politics.misc:1.0 talk.politics.guns:4.157773750676559E-79 talk.politics.mideast:1.0220522617711591E-91 
array:293 talk.politics.misc talk.politics.misc:1.0 talk.politics.guns:1.6746951502242353E-53 talk.politics.mideast:2.880777832214119E-72 
array:294 talk.politics.misc talk.politics.misc:1.0 talk.politics.guns:4.303149268922774E-64 talk.politics.mideast:3.25567252637697E-85 
array:295 talk.politics.misc talk.politics.misc:0.9999999999999487 talk.politics.guns:5.1216088777045485E-14 talk.politics.mideast:1.0619717285019192E-23 
array:296 talk.politics.misc talk.politics.misc:1.0 talk.politics.guns:1.084691506666689E-117 talk.politics.mideast:5.0685582649794973E-141 
array:297 talk.politics.misc talk.politics.misc:1.0 talk.politics.guns:1.160317559632734E-70 talk.politics.mideast:6.969619512454967E-79 
array:298 talk.politics.misc talk.politics.guns:0.9419826660661055 talk.politics.misc:0.05801636450342 talk.politics.mideast:9.694304744581885E-7 
array:299 talk.politics.misc talk.politics.misc:0.9999999999937939 talk.politics.guns:6.206093750667197E-12 talk.politics.mideast:5.39335921034672E-41 
Trial 0 Trainer NaiveBayesTrainer Training Data Confusion Matrix
Confusion Matrix, row=true, column=predicted  accuracy=0.9444444444444444
                    label   0   1   2  |total
  0    talk.politics.guns 880   1  19  |900
  1 talk.politics.mideast   7 856  37  |900
  2    talk.politics.misc  51  35 814  |900

Trial 0 Trainer NaiveBayesTrainer training data accuracy= 0.9444444444444444
Trial 0 Trainer NaiveBayesTrainer Test Data Confusion Matrix
Confusion Matrix, row=true, column=predicted  accuracy=0.8966666666666666
                    label   0   1   2  |total
  0    talk.politics.guns  94   .   6  |100
  1 talk.politics.mideast   3  96   1  |100
  2    talk.politics.misc  16   5  79  |100

Trial 0 Trainer NaiveBayesTrainer test data accuracy= 0.8966666666666666

NaiveBayesTrainer
Summary. train accuracy mean = 0.9444444444444444 stddev = 0.0 stderr = 0.0
Summary. test accuracy mean = 0.8966666666666666 stddev = 0.0 stderr = 0.0
